<?xml version="1.0" encoding="UTF-8"?>
<testsuite name="test_check_project_budget_tests.TestCheckProjectBudget-20260326221242" tests="7" file="test_check_project_budget_tests.py" time="0.039" timestamp="2026-03-26T22:12:43" failures="0" errors="0" skipped="0">
	<testcase classname="test_check_project_budget_tests.TestCheckProjectBudget" name="test_tc_m3_01_invalid_project_id" time="0.006" timestamp="2026-03-26T22:12:43"/>
	<testcase classname="test_check_project_budget_tests.TestCheckProjectBudget" name="test_tc_m3_02_flows_file_not_found" time="0.005" timestamp="2026-03-26T22:12:43"/>
	<testcase classname="test_check_project_budget_tests.TestCheckProjectBudget" name="test_tc_m3_03_empty_flows" time="0.007" timestamp="2026-03-26T22:12:43"/>
	<testcase classname="test_check_project_budget_tests.TestCheckProjectBudget" name="test_tc_m3_04_no_matching_pid" time="0.005" timestamp="2026-03-26T22:12:43"/>
	<testcase classname="test_check_project_budget_tests.TestCheckProjectBudget" name="test_tc_m3_05_single_inflow" time="0.006" timestamp="2026-03-26T22:12:43"/>
	<testcase classname="test_check_project_budget_tests.TestCheckProjectBudget" name="test_tc_m3_06_single_outflow" time="0.005" timestamp="2026-03-26T22:12:43"/>
	<testcase classname="test_check_project_budget_tests.TestCheckProjectBudget" name="test_tc_m3_07_multiple_flows" time="0.005" timestamp="2026-03-26T22:12:43"/>
</testsuite>
