<?xml version="1.0" encoding="UTF-8"?>
<testsuite name="test_register_project_tests.TestRegisterDocument-20260424152707" tests="2" file="test_register_project_tests.py" time="0.011" timestamp="2026-04-24T15:27:07" failures="0" errors="0" skipped="0">
	<testcase classname="test_register_project_tests.TestRegisterDocument" name="test_tc_m2_st_01_input_file_not_found" time="0.006" timestamp="2026-04-24T15:27:07"/>
	<testcase classname="test_register_project_tests.TestRegisterDocument" name="test_tc_m2_st_02_file_is_not_json" time="0.005" timestamp="2026-04-24T15:27:07"/>
</testsuite>
