<?xml version="1.0" encoding="UTF-8"?>
<testsuite name="test_register_project_tests.TestRegisterProject-20260327231533" tests="31" file="test_register_project_tests.py" time="0.022" timestamp="2026-03-27T23:15:34" failures="0" errors="0" skipped="0">
	<testcase classname="test_register_project_tests.TestRegisterProject" name="test_tc10_invalid_cif_fails_algorithm" time="0.000" timestamp="2026-03-27T23:15:34"/>
	<testcase classname="test_register_project_tests.TestRegisterProject" name="test_tc11_invalid_acronym_length_4" time="0.001" timestamp="2026-03-27T23:15:34"/>
	<testcase classname="test_register_project_tests.TestRegisterProject" name="test_tc12_invalid_acronym_length_11" time="0.000" timestamp="2026-03-27T23:15:34"/>
	<testcase classname="test_register_project_tests.TestRegisterProject" name="test_tc13_invalid_acronym_lowercase" time="0.000" timestamp="2026-03-27T23:15:34"/>
	<testcase classname="test_register_project_tests.TestRegisterProject" name="test_tc14_invalid_desc_length_9" time="0.000" timestamp="2026-03-27T23:15:34"/>
	<testcase classname="test_register_project_tests.TestRegisterProject" name="test_tc15_invalid_desc_length_31" time="0.000" timestamp="2026-03-27T23:15:34"/>
	<testcase classname="test_register_project_tests.TestRegisterProject" name="test_tc16_invalid_department_not_allowed" time="0.001" timestamp="2026-03-27T23:15:34"/>
	<testcase classname="test_register_project_tests.TestRegisterProject" name="test_tc17_invalid_date_wrong_format" time="0.001" timestamp="2026-03-27T23:15:34"/>
	<testcase classname="test_register_project_tests.TestRegisterProject" name="test_tc18_invalid_date_dd_00" time="0.001" timestamp="2026-03-27T23:15:34"/>
	<testcase classname="test_register_project_tests.TestRegisterProject" name="test_tc19_invalid_date_dd_32" time="0.000" timestamp="2026-03-27T23:15:34"/>
	<testcase classname="test_register_project_tests.TestRegisterProject" name="test_tc1_valid_all_ecs_bvv_lower_bounds" time="0.004" timestamp="2026-03-27T23:15:34"/>
	<testcase classname="test_register_project_tests.TestRegisterProject" name="test_tc20_invalid_date_mm_00" time="0.000" timestamp="2026-03-27T23:15:34"/>
	<testcase classname="test_register_project_tests.TestRegisterProject" name="test_tc21_invalid_date_mm_13" time="0.000" timestamp="2026-03-27T23:15:34"/>
	<testcase classname="test_register_project_tests.TestRegisterProject" name="test_tc22_invalid_date_yyyy_2024" time="0.000" timestamp="2026-03-27T23:15:34"/>
	<testcase classname="test_register_project_tests.TestRegisterProject" name="test_tc23_invalid_date_yyyy_2028" time="0.000" timestamp="2026-03-27T23:15:34"/>
	<testcase classname="test_register_project_tests.TestRegisterProject" name="test_tc24_invalid_date_not_calendar_date" time="0.000" timestamp="2026-03-27T23:15:34"/>
	<testcase classname="test_register_project_tests.TestRegisterProject" name="test_tc25_invalid_date_in_past" time="0.000" timestamp="2026-03-27T23:15:34"/>
	<testcase classname="test_register_project_tests.TestRegisterProject" name="test_tc26_invalid_budget_not_float" time="0.000" timestamp="2026-03-27T23:15:34"/>
	<testcase classname="test_register_project_tests.TestRegisterProject" name="test_tc27_invalid_budget_below_minimum" time="0.000" timestamp="2026-03-27T23:15:34"/>
	<testcase classname="test_register_project_tests.TestRegisterProject" name="test_tc28_invalid_budget_above_maximum" time="0.000" timestamp="2026-03-27T23:15:34"/>
	<testcase classname="test_register_project_tests.TestRegisterProject" name="test_tc29_invalid_budget_no_decimals" time="0.000" timestamp="2026-03-27T23:15:34"/>
	<testcase classname="test_register_project_tests.TestRegisterProject" name="test_tc2_valid_finance_acr6_desc11_bvv" time="0.001" timestamp="2026-03-27T23:15:34"/>
	<testcase classname="test_register_project_tests.TestRegisterProject" name="test_tc30_invalid_budget_three_decimals" time="0.000" timestamp="2026-03-27T23:15:34"/>
	<testcase classname="test_register_project_tests.TestRegisterProject" name="test_tc31_invalid_duplicate_project" time="0.002" timestamp="2026-03-27T23:15:34"/>
	<testcase classname="test_register_project_tests.TestRegisterProject" name="test_tc3_valid_legal_acr9_desc29_bvv" time="0.001" timestamp="2026-03-27T23:15:34"/>
	<testcase classname="test_register_project_tests.TestRegisterProject" name="test_tc4_valid_logistics_acr10_desc30_bvv_upper" time="0.001" timestamp="2026-03-27T23:15:34"/>
	<testcase classname="test_register_project_tests.TestRegisterProject" name="test_tc5_valid_yyyy_2025_mock_datetime" time="0.003" timestamp="2026-03-27T23:15:34"/>
	<testcase classname="test_register_project_tests.TestRegisterProject" name="test_tc6_invalid_cif_length_8" time="0.001" timestamp="2026-03-27T23:15:34"/>
	<testcase classname="test_register_project_tests.TestRegisterProject" name="test_tc7_invalid_cif_length_10" time="0.000" timestamp="2026-03-27T23:15:34"/>
	<testcase classname="test_register_project_tests.TestRegisterProject" name="test_tc8_invalid_cif_first_char_not_letter" time="0.000" timestamp="2026-03-27T23:15:34"/>
	<testcase classname="test_register_project_tests.TestRegisterProject" name="test_tc9_invalid_cif_middle_not_digits" time="0.000" timestamp="2026-03-27T23:15:34"/>
</testsuite>
