<?xml version="1.0" encoding="UTF-8"?>
<testsuite name="test_register_project_tests.TestRegisterDocument-20260423160139" tests="1" file="test_register_project_tests.py" time="0.008" timestamp="2026-04-23T16:01:40" failures="1" errors="0" skipped="0">
	<testcase classname="test_register_project_tests.TestRegisterDocument" name="test_tc_m2_st_01_input_file_not_found" time="0.008" timestamp="2026-04-23T16:01:40">
		<failure type="AssertionError" message="EnterpriseManagementException not raised"><![CDATA[Traceback (most recent call last):
  File "C:\Python313\Lib\unittest\case.py", line 58, in testPartExecutor
    yield
  File "C:\Python313\Lib\unittest\case.py", line 651, in run
    self._callTestMethod(testMethod)
    
  File "C:\Python313\Lib\unittest\case.py", line 606, in _callTestMethod
    if method() is not None:
    ^^^^^^^^^^^^^^^
  File "c:\users\ryan kh\pycharmprojects\g87.2026.t12.ge2b\src\unittest\python\test_register_project_tests.py", line 39, in test_tc_m2_st_01_input_file_not_found
    with self.assertRaises(EnterpriseManagementException) as ctx:
    ^^^^^^^^^^^^^^^
  File "C:\Python313\Lib\unittest\case.py", line 263, in __exit__
    self._raiseFailure("{} not raised".format(exc_name))
    ^^^^^^^
  File "C:\Python313\Lib\unittest\case.py", line 200, in _raiseFailure
    raise self.test_case.failureException(msg)
    ^^^^^^^^^^^^^^^
AssertionError: EnterpriseManagementException not raised
]]></failure>
	</testcase>
</testsuite>
